2022-07-04 20:58:35.435  INFO 29540 --- [restartedMain] .e.DevToolsPropertyDefaultsPostProcessor : Devtools property defaults active! Set 'spring.devtools.add-properties' to 'false' to disable
2022-07-04 20:58:35.461  INFO 29540 --- [restartedMain] .e.DevToolsPropertyDefaultsPostProcessor : For additional web related logging consider setting the 'logging.level.web' property to 'DEBUG'
2022-07-04 20:58:36.138  INFO 29540 --- [restartedMain] .s.d.r.c.RepositoryConfigurationDelegate : Bootstrapping Spring Data JPA repositories in DEFAULT mode.
2022-07-04 20:58:36.221  INFO 29540 --- [restartedMain] .s.d.r.c.RepositoryConfigurationDelegate : Finished Spring Data repository scanning in 72 ms. Found 3 JPA repository interfaces.
2022-07-04 20:58:37.058  INFO 29540 --- [restartedMain] o.s.b.w.embedded.tomcat.TomcatWebServer  : Tomcat initialized with port(s): 8080 (http)
2022-07-04 20:58:37.068  INFO 29540 --- [restartedMain] o.apache.catalina.core.StandardService   : Starting service [Tomcat]
2022-07-04 20:58:37.069  INFO 29540 --- [restartedMain] org.apache.catalina.core.StandardEngine  : Starting Servlet engine: [Apache Tomcat/9.0.64]
2022-07-04 20:58:37.161  INFO 29540 --- [restartedMain] o.a.c.c.C.[Tomcat].[localhost].[/]       : Initializing Spring embedded WebApplicationContext
2022-07-04 20:58:37.161  INFO 29540 --- [restartedMain] w.s.c.ServletWebServerApplicationContext : Root WebApplicationContext: initialization completed in 1698 ms
2022-07-04 20:58:37.343  INFO 29540 --- [restartedMain] o.hibernate.jpa.internal.util.LogHelper  : HHH000204: Processing PersistenceUnitInfo [name: default]
2022-07-04 20:58:37.402  INFO 29540 --- [restartedMain] org.hibernate.Version                    : HHH000412: Hibernate ORM core version 5.6.9.Final
2022-07-04 20:58:37.654  INFO 29540 --- [restartedMain] o.hibernate.annotations.common.Version   : HCANN000001: Hibernate Commons Annotations {5.1.2.Final}
2022-07-04 20:58:38.021  INFO 29540 --- [restartedMain] com.zaxxer.hikari.HikariDataSource       : HikariPool-1 - Starting...
2022-07-04 20:58:38.364  INFO 29540 --- [restartedMain] com.zaxxer.hikari.HikariDataSource       : HikariPool-1 - Start completed.
2022-07-04 20:58:38.407  INFO 29540 --- [restartedMain] org.hibernate.dialect.Dialect            : HHH000400: Using dialect: org.hibernate.dialect.MySQL8Dialect
2022-07-04 20:58:40.543  INFO 29540 --- [restartedMain] o.h.e.t.j.p.i.JtaPlatformInitiator       : HHH000490: Using JtaPlatform implementation: [org.hibernate.engine.transaction.jta.platform.internal.NoJtaPlatform]
2022-07-04 20:58:40.579  INFO 29540 --- [restartedMain] j.LocalContainerEntityManagerFactoryBean : Initialized JPA EntityManagerFactory for persistence unit 'default'
2022-07-04 20:58:42.228  INFO 29540 --- [restartedMain] o.s.b.a.w.s.WelcomePageHandlerMapping    : Adding welcome page template: index
2022-07-04 20:58:43.014  INFO 29540 --- [restartedMain] o.s.b.d.a.OptionalLiveReloadServer       : LiveReload server is running on port 35729
2022-07-04 20:58:43.091  INFO 29540 --- [restartedMain] o.s.b.w.embedded.tomcat.TomcatWebServer  : Tomcat started on port(s): 8080 (http) with context path ''
2022-07-04 20:58:43.707  INFO 29540 --- [http-nio-8080-exec-2] o.a.c.c.C.[Tomcat].[localhost].[/]       : Initializing Spring DispatcherServlet 'dispatcherServlet'
2022-07-04 20:58:43.709  INFO 29540 --- [http-nio-8080-exec-2] o.s.web.servlet.DispatcherServlet        : Initializing Servlet 'dispatcherServlet'
2022-07-04 20:58:43.712  INFO 29540 --- [http-nio-8080-exec-2] o.s.web.servlet.DispatcherServlet        : Completed initialization in 1 ms
2022-07-04 20:58:44.306  WARN 29540 --- [http-nio-8080-exec-2] org.hibernate.orm.deprecation            : HHH90000016: Found use of deprecated 'collection property' syntax in HQL/JPQL query [t.blogs.size]; use collection function syntax instead [size(t.blogs)].
2022-07-04 20:58:46.552  WARN 29540 --- [http-nio-8080-exec-4] o.s.web.servlet.PageNotFound             : No mapping for GET /favicon.ico
2022-07-04 20:59:02.949  WARN 29540 --- [http-nio-8080-exec-2] o.s.web.servlet.PageNotFound             : No mapping for GET /favicon.ico
2022-07-04 21:10:24.926  WARN 29540 --- [HikariPool-1 housekeeper] com.zaxxer.hikari.pool.HikariPool        : HikariPool-1 - Thread starvation or clock leap detected (housekeeper delta=5m46s363ms716µs900ns).
2022-07-04 21:21:35.172  WARN 29540 --- [http-nio-8080-exec-3] o.s.web.servlet.PageNotFound             : No mapping for GET /admin/static/css/my.css
2022-07-04 21:21:35.174  WARN 29540 --- [http-nio-8080-exec-9] o.s.web.servlet.PageNotFound             : No mapping for GET /admin/static/images/capitulate.gif
2022-07-04 21:21:35.179  WARN 29540 --- [http-nio-8080-exec-4] o.s.web.servlet.PageNotFound             : No mapping for GET /admin/static/js/jquery-3.2.1.min.js
2022-07-04 21:49:41.792  INFO 29540 --- [SpringApplicationShutdownHook] j.LocalContainerEntityManagerFactoryBean : Closing JPA EntityManagerFactory for persistence unit 'default'
2022-07-04 21:49:41.846  INFO 29540 --- [SpringApplicationShutdownHook] com.zaxxer.hikari.HikariDataSource       : HikariPool-1 - Shutdown initiated...
2022-07-04 21:49:41.898  INFO 29540 --- [SpringApplicationShutdownHook] com.zaxxer.hikari.HikariDataSource       : HikariPool-1 - Shutdown completed.
